module: unloading 'cuda/12.2.2'
module: loading 'cuda/12.2.2'
module: cuda: To use: module load gcc/10.2
module: unloading 'gcc/10.2'
module: loading 'gcc/10.2'
module: gcc: "Note: loading the gcc module overrides the gcc version on the system.  If you want to revert to the version of gcc provided by the OS, unload the gcc module."
src/main_cpu.cpp: In function ‘int main()’:
src/main_cpu.cpp:102:10: warning: ISO C++ forbids variable length array ‘frame’ [-Wvla]
  102 |     vec3 frame[n_cols*n_rows];
      |          ^~~~~
47660
6.08781 7.00741 36.6496
-10.4217 -4.17982 22
Parsing time: 30ms
Triangle count: 47660
starting tree init
bounding box on init min: 6.08781 7.00741 36.6496
bounding box on init max: -10.4217 -4.17982 22
finished tree init
renumbered tree
creating tree size: 16849
└──0
    ├──1
    │   ├──3
    │   │   ├──7
    │   │   │   ├──15
    │   │   │   │   ├──31
    │   │   │   │   │   ├──63
    │   │   │   │   │   └──64
    │   │   │   │   └──32
    │   │   │   │       ├──65
    │   │   │   │       └──66
    │   │   │   └──16
    │   │   │       ├──33
    │   │   │       │   ├──67
    │   │   │       │   └──68
    │   │   │       └──34
    │   │   │           ├──69
    │   │   │           └──70
    │   │   └──8
    │   │       ├──17
    │   │       │   ├──35
    │   │       │   │   ├──71
    │   │       │   │   └──72
    │   │       │   └──36
    │   │       │       ├──73
    │   │       │       └──74
    │   │       └──18
    │   │           ├──37
    │   │           │   ├──75
    │   │           │   └──76
    │   │           └──38
    │   │               ├──77
    │   │               └──78
    │   └──4
    │       ├──9
    │       │   ├──19
    │       │   │   ├──39
    │       │   │   │   ├──79
    │       │   │   │   └──80
    │       │   │   └──40
    │       │   │       ├──81
    │       │   │       └──82
    │       │   └──20
    │       │       ├──41
    │       │       │   ├──83
    │       │       │   └──84
    │       │       └──42
    │       │           ├──85
    │       │           └──86
    │       └──10
    │           ├──21
    │           │   ├──43
    │           │   │   ├──87
    │           │   │   └──88
    │           │   └──44
    │           │       ├──89
    │           │       └──90
    │           └──22
    │               ├──45
    │               │   ├──91
    │               │   └──92
    │               └──46
    │                   ├──93
    │                   └──94
    └──2
        ├──5
        │   ├──11
        │   │   ├──23
        │   │   │   ├──47
        │   │   │   │   ├──95
        │   │   │   │   └──96
        │   │   │   └──48
        │   │   │       ├──97
        │   │   │       └──98
        │   │   └──24
        │   │       ├──49
        │   │       │   ├──99
        │   │       │   └──100
        │   │       └──50
        │   └──12
        │       ├──25
        │       │   ├──51
        │       │   └──52
        │       └──26
        │           ├──53
        │           └──54
        └──6
            ├──13
            │   ├──27
            │   │   ├──55
            │   │   └──56
            │   └──28
            │       ├──57
            │       └──58
            └──14
                ├──29
                │   ├──59
                │   └──60
                └──30
                    ├──61
                    └──62
bboxMin:6.08781 7.00741 36.6496
bboxMax:-10.4217 -4.17982 22
centroid:-2.16696 1.4138 29.3248
look:0.665337 0.728309 0.163987
pos:-40 -40 20
lowerLeft:-7.33792 10.5799 9.59555
horizontal:14.7661 -13.4894 0
up:-4.42417 -4.8429 39.4585
row 0
row 100
row 200
row 300
row 400
row 500
row 600
row 700
row 800
row 900
row 1000
row 1100
Rendering time: 6063ms
File writing time: 139ms
